DEBUG main ve.co.bsc.sigai.service.JbpmService - Iniciando Servicio BPM
WARN main ve.co.bsc.sigai.service.JbpmService - kbase es null, creando nuevo KnowledgeBase
DEBUG main ve.co.bsc.sigai.service.JbpmService - Cargando definiciones de procesos
DEBUG main ve.co.bsc.sigai.service.JbpmService - Cargando proceso [128] lifecycle-planAnual
DEBUG main ve.co.bsc.sigai.service.JbpmService - Proceso [128] lifecycle-planAnual cargado OK
DEBUG main ve.co.bsc.sigai.service.JbpmService - Cargando proceso [280] lifecycle-actuacion
DEBUG main ve.co.bsc.sigai.service.JbpmService - Proceso [280] lifecycle-actuacion cargado OK
DEBUG main ve.co.bsc.sigai.service.JbpmService - Procesos cargados
DEBUG main ve.co.bsc.sigai.service.JbpmService - Cargando reglas de negocio
DEBUG main ve.co.bsc.sigai.service.JbpmService - Cargando regla [34] ap-actividadActuacion
DEBUG main ve.co.bsc.sigai.service.JbpmService - Regla [34] ap-actividadActuacion cargado OK
DEBUG main ve.co.bsc.sigai.service.JbpmService - Cargando regla [36] ap-hallazgo
DEBUG main ve.co.bsc.sigai.service.JbpmService - Regla [36] ap-hallazgo cargado OK
DEBUG main ve.co.bsc.sigai.service.JbpmService - Cargando regla [37] ap-otraActividad
DEBUG main ve.co.bsc.sigai.service.JbpmService - Regla [37] ap-otraActividad cargado OK
DEBUG main ve.co.bsc.sigai.service.JbpmService - Cargando regla [124] ap-planAnual
DEBUG main ve.co.bsc.sigai.service.JbpmService - Regla [124] ap-planAnual cargado OK
DEBUG main ve.co.bsc.sigai.service.JbpmService - Cargando regla [125] sv-actuacion
DEBUG main ve.co.bsc.sigai.service.JbpmService - Regla [125] sv-actuacion cargado OK
DEBUG main ve.co.bsc.sigai.service.JbpmService - Cargando regla [418] ap-actuacion
DEBUG main ve.co.bsc.sigai.service.JbpmService - Regla [418] ap-actuacion cargado OK
DEBUG main ve.co.bsc.sigai.service.JbpmService - Reglas cargadas
DEBUG main ve.co.bsc.sigai.service.JbpmService - KP org.drools.bpmn2
DEBUG main ve.co.bsc.sigai.service.JbpmService - P ve.co.bsc.sigai.domain.bpm.lifecycle.Actuacion ve.co.bsc.sigai.domain.bpm.lifecycle.Actuacion org.drools.bpmn2
DEBUG main ve.co.bsc.sigai.service.JbpmService - P ve.co.bsc.sigai.domain.bpm.lifecycle.PlanAnual ve.co.bsc.sigai.domain.bpm.lifecycle.PlanAnual org.drools.bpmn2
DEBUG main ve.co.bsc.sigai.service.JbpmService - KP ve.co.bsc.sigai.domain.bpm.rules
WARN main ve.co.bsc.sigai.service.JbpmService - ksessionStatefull es null, creando nuevo StatefullKnowledgeSession
DEBUG main ve.co.bsc.sigai.service.JbpmService - Sesion previa de StatefullKnowledgeSession (id: 80) encontrada, recuperandola
DEBUG main ve.co.bsc.sigai.service.JbpmService - Sesion previa de StatefullKnowledgeSession (id: 80) cargada satisfactoriamente
WARN main ve.co.bsc.sigai.service.JbpmService - ksessionStateless es null, creando nuevo StatelessKnowledgeSession
DEBUG main ve.co.bsc.sigai.service.JbpmService - Instancias de procesos cargadas:
DEBUG main ve.co.bsc.sigai.service.JbpmService - Fin de lista de instancias de procesos cargadas
DEBUG main ve.co.bsc.sigai.service.JbpmService - Finalizada inicializacion de Servicio BPM
DEBUG main ve.co.bsc.sigai.service.HumanTaskService - Iniciando WS-HumanTaskService
DEBUG main ve.co.bsc.sigai.service.HumanTaskService - Finalizada inicializacion de WS-HumanTaskService
DEBUG http-8081-1 ve.co.bsc.sigai.web.HumanTaskController - Iniciando lista de human tasks
DEBUG http-8081-1 ve.co.bsc.sigai.service.HumanTaskService - Buscando TaskAssignedAsPotentialOwnerToCurrentUser
DEBUG http-8081-1 ve.co.bsc.sigai.service.JbpmService - Registrando WS-HumanTaskHandler
DEBUG http-8081-1 ve.co.bsc.sigai.service.JbpmService - WS-HumanTaskHandler registrado
DEBUG http-8081-1 ve.co.bsc.sigai.service.HumanTaskService - registrando roles
DEBUG http-8081-1 ve.co.bsc.sigai.service.HumanTaskService - registrando rol Administrator
DEBUG http-8081-1 ve.co.bsc.sigai.service.HumanTaskService - Rol Administrator registrado
DEBUG http-8081-1 ve.co.bsc.sigai.service.HumanTaskService - Registrando rol ROLE_UNIDAD_AUDITOR
DEBUG http-8081-1 ve.co.bsc.sigai.service.HumanTaskService - Rol ROLE_UNIDAD_AUDITOR registrado
DEBUG http-8081-1 ve.co.bsc.sigai.service.HumanTaskService - Registrando rol ROLE_UNIDAD_COORDINADOR
DEBUG http-8081-1 ve.co.bsc.sigai.service.HumanTaskService - Rol ROLE_UNIDAD_COORDINADOR registrado
DEBUG http-8081-1 ve.co.bsc.sigai.service.HumanTaskService - Registrando rol ROLE_UNIDAD_GERENTE
DEBUG http-8081-1 ve.co.bsc.sigai.service.HumanTaskService - Rol ROLE_UNIDAD_GERENTE registrado
DEBUG http-8081-1 ve.co.bsc.sigai.service.HumanTaskService - Registrando rol ROLE_UNIDAD_AUDITADO
DEBUG http-8081-1 ve.co.bsc.sigai.service.HumanTaskService - Rol ROLE_UNIDAD_AUDITADO registrado
DEBUG http-8081-1 ve.co.bsc.sigai.service.HumanTaskService - Registrando rol ROLE_ADMIN
DEBUG http-8081-1 ve.co.bsc.sigai.service.HumanTaskService - Rol ROLE_ADMIN registrado
DEBUG http-8081-1 ve.co.bsc.sigai.service.HumanTaskService - Registrando rol ROLE_ADMIN_INSTITUCION
DEBUG http-8081-1 ve.co.bsc.sigai.service.HumanTaskService - Rol ROLE_ADMIN_INSTITUCION registrado
DEBUG http-8081-1 ve.co.bsc.sigai.service.HumanTaskService - roles registrados
DEBUG http-8081-1 ve.co.bsc.sigai.service.HumanTaskService - registrando usuarios
DEBUG http-8081-1 ve.co.bsc.sigai.service.HumanTaskService - Registrando usuario: admin
DEBUG http-8081-1 ve.co.bsc.sigai.service.HumanTaskService - Usuario admin registrado
DEBUG http-8081-1 ve.co.bsc.sigai.service.HumanTaskService - Registrando usuario: eperez
DEBUG http-8081-1 ve.co.bsc.sigai.service.HumanTaskService - Usuario eperez registrado
DEBUG http-8081-1 ve.co.bsc.sigai.service.HumanTaskService - Registrando usuario: auditor2
DEBUG http-8081-1 ve.co.bsc.sigai.service.HumanTaskService - Usuario auditor2 registrado
DEBUG http-8081-1 ve.co.bsc.sigai.service.HumanTaskService - Registrando usuario: auditor1
DEBUG http-8081-1 ve.co.bsc.sigai.service.HumanTaskService - Usuario auditor1 registrado
DEBUG http-8081-1 ve.co.bsc.sigai.service.HumanTaskService - Registrando usuario: coordinador
DEBUG http-8081-1 ve.co.bsc.sigai.service.HumanTaskService - Usuario coordinador registrado
DEBUG http-8081-1 ve.co.bsc.sigai.service.HumanTaskService - Registrando usuario: gerente
DEBUG http-8081-1 ve.co.bsc.sigai.service.HumanTaskService - Usuario gerente registrado
DEBUG http-8081-1 ve.co.bsc.sigai.service.HumanTaskService - Registrando usuario: presidente
DEBUG http-8081-1 ve.co.bsc.sigai.service.HumanTaskService - Usuario presidente registrado
DEBUG http-8081-1 ve.co.bsc.sigai.service.HumanTaskService - Registrando usuario: gto
DEBUG http-8081-1 ve.co.bsc.sigai.service.HumanTaskService - Usuario gto registrado
DEBUG http-8081-1 ve.co.bsc.sigai.service.HumanTaskService - usuarios registrados
DEBUG http-8081-1 ve.co.bsc.sigai.service.HumanTaskService - Instanciando cliente y estableciendo conexion
DEBUG http-8081-1 ve.co.bsc.sigai.service.HumanTaskService - Estableciendo conexion (intento 0)
DEBUG http-8081-1 ve.co.bsc.sigai.service.HumanTaskService - Cliente conectado
DEBUG http-8081-1 ve.co.bsc.sigai.domain.Usuario - [principal] es: org.springframework.security.core.userdetails.User@0: Username: admin; Password: [PROTECTED]; Enabled: true; AccountNonExpired: true; credentialsNonExpired: true; AccountNonLocked: true; Granted Authorities: ROLE_ADMIN
DEBUG http-8081-1 ve.co.bsc.sigai.service.HumanTaskService - Solicitando tasks para el usuario admin
DEBUG http-8081-1 ve.co.bsc.sigai.domain.Usuario - [principal] es: org.springframework.security.core.userdetails.User@0: Username: admin; Password: [PROTECTED]; Enabled: true; AccountNonExpired: true; credentialsNonExpired: true; AccountNonLocked: true; Granted Authorities: ROLE_ADMIN
DEBUG http-8081-1 ve.co.bsc.sigai.service.HumanTaskService - Encontradas 0 tareas
DEBUG http-8081-1 ve.co.bsc.sigai.web.HumanTaskController - 0 tareas encontradas, redireccionando a la vista
DEBUG http-8081-1 ve.co.bsc.sigai.web.HumanTaskController - Iniciando lista de human tasks
DEBUG http-8081-1 ve.co.bsc.sigai.service.HumanTaskService - Buscando TaskAssignedAsPotentialOwnerToCurrentUser
DEBUG http-8081-1 ve.co.bsc.sigai.service.HumanTaskService - Instanciando cliente y estableciendo conexion
DEBUG http-8081-1 ve.co.bsc.sigai.service.HumanTaskService - Estableciendo conexion (intento 0)
DEBUG http-8081-1 ve.co.bsc.sigai.service.HumanTaskService - Cliente conectado
DEBUG http-8081-1 ve.co.bsc.sigai.domain.Usuario - [principal] es: org.springframework.security.core.userdetails.User@2f10c00: Username: eperez; Password: [PROTECTED]; Enabled: true; AccountNonExpired: true; credentialsNonExpired: true; AccountNonLocked: true; Granted Authorities: ROLE_ADMIN_INSTITUCION
DEBUG http-8081-1 ve.co.bsc.sigai.service.HumanTaskService - Solicitando tasks para el usuario eperez
DEBUG http-8081-1 ve.co.bsc.sigai.domain.Usuario - [principal] es: org.springframework.security.core.userdetails.User@2f10c00: Username: eperez; Password: [PROTECTED]; Enabled: true; AccountNonExpired: true; credentialsNonExpired: true; AccountNonLocked: true; Granted Authorities: ROLE_ADMIN_INSTITUCION
DEBUG http-8081-1 ve.co.bsc.sigai.service.HumanTaskService - Encontradas 0 tareas
DEBUG http-8081-1 ve.co.bsc.sigai.web.HumanTaskController - 0 tareas encontradas, redireccionando a la vista
DEBUG http-8081-2 ve.co.bsc.sigai.web.HumanTaskController - Iniciando lista de human tasks
DEBUG http-8081-2 ve.co.bsc.sigai.service.HumanTaskService - Buscando TaskAssignedAsPotentialOwnerToCurrentUser
DEBUG http-8081-2 ve.co.bsc.sigai.service.HumanTaskService - Instanciando cliente y estableciendo conexion
DEBUG http-8081-2 ve.co.bsc.sigai.service.HumanTaskService - Estableciendo conexion (intento 0)
DEBUG http-8081-2 ve.co.bsc.sigai.service.HumanTaskService - Cliente conectado
DEBUG http-8081-2 ve.co.bsc.sigai.domain.Usuario - [principal] es: org.springframework.security.core.userdetails.User@fd0ef400: Username: coordinador; Password: [PROTECTED]; Enabled: true; AccountNonExpired: true; credentialsNonExpired: true; AccountNonLocked: true; Granted Authorities: ROLE_UNIDAD_COORDINADOR
DEBUG http-8081-2 ve.co.bsc.sigai.service.HumanTaskService - Solicitando tasks para el usuario coordinador
DEBUG http-8081-2 ve.co.bsc.sigai.domain.Usuario - [principal] es: org.springframework.security.core.userdetails.User@fd0ef400: Username: coordinador; Password: [PROTECTED]; Enabled: true; AccountNonExpired: true; credentialsNonExpired: true; AccountNonLocked: true; Granted Authorities: ROLE_UNIDAD_COORDINADOR
DEBUG http-8081-2 ve.co.bsc.sigai.service.HumanTaskService - Encontradas 0 tareas
DEBUG http-8081-2 ve.co.bsc.sigai.web.HumanTaskController - 0 tareas encontradas, redireccionando a la vista
DEBUG http-8081-1 ve.co.bsc.sigai.web.HumanTaskController - Iniciando lista de human tasks
DEBUG http-8081-1 ve.co.bsc.sigai.service.HumanTaskService - Buscando TaskAssignedAsPotentialOwnerToCurrentUser
DEBUG http-8081-1 ve.co.bsc.sigai.service.HumanTaskService - Instanciando cliente y estableciendo conexion
DEBUG http-8081-1 ve.co.bsc.sigai.service.HumanTaskService - Estableciendo conexion (intento 0)
DEBUG http-8081-1 ve.co.bsc.sigai.service.HumanTaskService - Cliente conectado
DEBUG http-8081-1 ve.co.bsc.sigai.domain.Usuario - [principal] es: org.springframework.security.core.userdetails.User@0: Username: admin; Password: [PROTECTED]; Enabled: true; AccountNonExpired: true; credentialsNonExpired: true; AccountNonLocked: true; Granted Authorities: ROLE_ADMIN
DEBUG http-8081-1 ve.co.bsc.sigai.service.HumanTaskService - Solicitando tasks para el usuario admin
DEBUG http-8081-1 ve.co.bsc.sigai.domain.Usuario - [principal] es: org.springframework.security.core.userdetails.User@0: Username: admin; Password: [PROTECTED]; Enabled: true; AccountNonExpired: true; credentialsNonExpired: true; AccountNonLocked: true; Granted Authorities: ROLE_ADMIN
DEBUG http-8081-1 ve.co.bsc.sigai.service.HumanTaskService - Encontradas 0 tareas
DEBUG http-8081-1 ve.co.bsc.sigai.web.HumanTaskController - 0 tareas encontradas, redireccionando a la vista
DEBUG http-8081-1 ve.co.bsc.sigai.web.HumanTaskController - Iniciando lista de human tasks
DEBUG http-8081-1 ve.co.bsc.sigai.service.HumanTaskService - Buscando TaskAssignedAsPotentialOwnerToCurrentUser
DEBUG http-8081-1 ve.co.bsc.sigai.service.HumanTaskService - Instanciando cliente y estableciendo conexion
DEBUG http-8081-1 ve.co.bsc.sigai.service.HumanTaskService - Estableciendo conexion (intento 0)
DEBUG http-8081-1 ve.co.bsc.sigai.service.HumanTaskService - Cliente conectado
DEBUG http-8081-1 ve.co.bsc.sigai.domain.Usuario - [principal] es: org.springframework.security.core.userdetails.User@2f10c00: Username: eperez; Password: [PROTECTED]; Enabled: true; AccountNonExpired: true; credentialsNonExpired: true; AccountNonLocked: true; Granted Authorities: ROLE_ADMIN_INSTITUCION
DEBUG http-8081-1 ve.co.bsc.sigai.service.HumanTaskService - Solicitando tasks para el usuario eperez
DEBUG http-8081-1 ve.co.bsc.sigai.domain.Usuario - [principal] es: org.springframework.security.core.userdetails.User@2f10c00: Username: eperez; Password: [PROTECTED]; Enabled: true; AccountNonExpired: true; credentialsNonExpired: true; AccountNonLocked: true; Granted Authorities: ROLE_ADMIN_INSTITUCION
DEBUG http-8081-1 ve.co.bsc.sigai.service.HumanTaskService - Encontradas 0 tareas
DEBUG http-8081-1 ve.co.bsc.sigai.web.HumanTaskController - 0 tareas encontradas, redireccionando a la vista
DEBUG http-8081-1 ve.co.bsc.sigai.web.HumanTaskController - Iniciando lista de human tasks
DEBUG http-8081-1 ve.co.bsc.sigai.service.HumanTaskService - Buscando TaskAssignedAsPotentialOwnerToCurrentUser
DEBUG http-8081-1 ve.co.bsc.sigai.service.HumanTaskService - Instanciando cliente y estableciendo conexion
DEBUG http-8081-1 ve.co.bsc.sigai.service.HumanTaskService - Estableciendo conexion (intento 0)
DEBUG http-8081-1 ve.co.bsc.sigai.service.HumanTaskService - Cliente conectado
DEBUG http-8081-1 ve.co.bsc.sigai.domain.Usuario - [principal] es: org.springframework.security.core.userdetails.User@0: Username: admin; Password: [PROTECTED]; Enabled: true; AccountNonExpired: true; credentialsNonExpired: true; AccountNonLocked: true; Granted Authorities: ROLE_ADMIN
DEBUG http-8081-1 ve.co.bsc.sigai.service.HumanTaskService - Solicitando tasks para el usuario admin
DEBUG http-8081-1 ve.co.bsc.sigai.domain.Usuario - [principal] es: org.springframework.security.core.userdetails.User@0: Username: admin; Password: [PROTECTED]; Enabled: true; AccountNonExpired: true; credentialsNonExpired: true; AccountNonLocked: true; Granted Authorities: ROLE_ADMIN
DEBUG http-8081-1 ve.co.bsc.sigai.service.HumanTaskService - Encontradas 0 tareas
DEBUG http-8081-1 ve.co.bsc.sigai.web.HumanTaskController - 0 tareas encontradas, redireccionando a la vista
DEBUG http-8081-3 ve.co.bsc.sigai.web.HumanTaskController - Iniciando lista de human tasks
DEBUG http-8081-3 ve.co.bsc.sigai.service.HumanTaskService - Buscando TaskAssignedAsPotentialOwnerToCurrentUser
DEBUG http-8081-3 ve.co.bsc.sigai.service.HumanTaskService - Instanciando cliente y estableciendo conexion
DEBUG http-8081-3 ve.co.bsc.sigai.service.HumanTaskService - Estableciendo conexion (intento 0)
DEBUG http-8081-3 ve.co.bsc.sigai.service.HumanTaskService - Cliente conectado
DEBUG http-8081-3 ve.co.bsc.sigai.domain.Usuario - [principal] es: org.springframework.security.core.userdetails.User@2f10c00: Username: eperez; Password: [PROTECTED]; Enabled: true; AccountNonExpired: true; credentialsNonExpired: true; AccountNonLocked: true; Granted Authorities: ROLE_ADMIN_INSTITUCION
DEBUG http-8081-3 ve.co.bsc.sigai.service.HumanTaskService - Solicitando tasks para el usuario eperez
DEBUG http-8081-3 ve.co.bsc.sigai.domain.Usuario - [principal] es: org.springframework.security.core.userdetails.User@2f10c00: Username: eperez; Password: [PROTECTED]; Enabled: true; AccountNonExpired: true; credentialsNonExpired: true; AccountNonLocked: true; Granted Authorities: ROLE_ADMIN_INSTITUCION
DEBUG http-8081-3 ve.co.bsc.sigai.service.HumanTaskService - Encontradas 0 tareas
DEBUG http-8081-3 ve.co.bsc.sigai.web.HumanTaskController - 0 tareas encontradas, redireccionando a la vista
DEBUG http-8081-3 ve.co.bsc.sigai.web.HumanTaskController - Iniciando lista de human tasks
DEBUG http-8081-3 ve.co.bsc.sigai.service.HumanTaskService - Buscando TaskAssignedAsPotentialOwnerToCurrentUser
DEBUG http-8081-3 ve.co.bsc.sigai.service.HumanTaskService - Instanciando cliente y estableciendo conexion
DEBUG http-8081-3 ve.co.bsc.sigai.service.HumanTaskService - Estableciendo conexion (intento 0)
DEBUG http-8081-3 ve.co.bsc.sigai.service.HumanTaskService - Cliente conectado
DEBUG http-8081-3 ve.co.bsc.sigai.domain.Usuario - [principal] es: org.springframework.security.core.userdetails.User@2f10c00: Username: eperez; Password: [PROTECTED]; Enabled: true; AccountNonExpired: true; credentialsNonExpired: true; AccountNonLocked: true; Granted Authorities: ROLE_ADMIN_INSTITUCION
DEBUG http-8081-3 ve.co.bsc.sigai.service.HumanTaskService - Solicitando tasks para el usuario eperez
DEBUG http-8081-3 ve.co.bsc.sigai.domain.Usuario - [principal] es: org.springframework.security.core.userdetails.User@2f10c00: Username: eperez; Password: [PROTECTED]; Enabled: true; AccountNonExpired: true; credentialsNonExpired: true; AccountNonLocked: true; Granted Authorities: ROLE_ADMIN_INSTITUCION
DEBUG http-8081-3 ve.co.bsc.sigai.service.HumanTaskService - Encontradas 0 tareas
DEBUG http-8081-3 ve.co.bsc.sigai.web.HumanTaskController - 0 tareas encontradas, redireccionando a la vista
